HaloFarms/app/build/intermediates/manifest_merge_blame_file/debug/manifest-merger-blame-debug-report.txt
1<?xml version="1.0" encoding="utf-8"?>
2<manifest xmlns:android="http://schemas.android.com/apk/res/android"
3    package="it.unipi.halofarms"
4    android:versionCode="1"
5    android:versionName="2.0" >
6
7    <uses-sdk
8        android:minSdkVersion="21"
9        android:targetSdkVersion="34" />
10
11    <!-- Position permissions -->
12    <uses-permission android:name="android.permission.ACCESS_COARSE_LOCATION" />
12-->src/main/AndroidManifest.xml:6:5-81
12-->src/main/AndroidManifest.xml:6:22-78
13    <uses-permission android:name="android.permission.ACCESS_FINE_LOCATION" />
13-->src/main/AndroidManifest.xml:7:5-79
13-->src/main/AndroidManifest.xml:7:22-76
14    <uses-permission android:name="android.permission.ACCESS_COARSE_LOCATION" />
14-->src/main/AndroidManifest.xml:6:5-81
14-->src/main/AndroidManifest.xml:6:22-78
15
16    <uses-feature
16-->src/main/AndroidManifest.xml:10:5-13:11
17        android:glEsVersion="0x00020000"
17-->src/main/AndroidManifest.xml:11:9-41
18        android:required="true" />
18-->src/main/AndroidManifest.xml:12:9-32
19
20    <uses-permission android:name="android.permission.ACCESS_NETWORK_STATE" />
20-->[com.firebaseui:firebase-ui-auth:8.0.2] AndroidManifest.xml:10:5-79
20-->[com.firebaseui:firebase-ui-auth:8.0.2] AndroidManifest.xml:10:22-76
21    <uses-permission android:name="android.permission.INTERNET" /> <!-- Used to check if a browser is available before launching phone auth -->
21-->[com.firebaseui:firebase-ui-auth:8.0.2] AndroidManifest.xml:11:5-67
21-->[com.firebaseui:firebase-ui-auth:8.0.2] AndroidManifest.xml:11:22-64
22    <!-- See ui/phone/PhoneNumberVerificationHandler.isBrowserAvailable() -->
23    <queries>
23-->[com.firebaseui:firebase-ui-auth:8.0.2] AndroidManifest.xml:15:5-23:15
24        <intent>
24-->[com.firebaseui:firebase-ui-auth:8.0.2] AndroidManifest.xml:16:9-22:18
25            <action android:name="android.intent.action.VIEW" />
25-->[com.firebaseui:firebase-ui-auth:8.0.2] AndroidManifest.xml:17:13-65
25-->[com.firebaseui:firebase-ui-auth:8.0.2] AndroidManifest.xml:17:21-62
26
27            <category android:name="android.intent.category.BROWSABLE" />
27-->[com.firebaseui:firebase-ui-auth:8.0.2] AndroidManifest.xml:19:13-74
27-->[com.firebaseui:firebase-ui-auth:8.0.2] AndroidManifest.xml:19:23-71
28
29            <data android:scheme="http" />
29-->[com.firebaseui:firebase-ui-auth:8.0.2] AndroidManifest.xml:21:13-43
29-->[com.firebaseui:firebase-ui-auth:8.0.2] AndroidManifest.xml:21:19-40
30        </intent>
31        <!-- Needs to be explicitly declared on Android R+ -->
32        <package android:name="com.google.android.apps.maps" />
32-->[com.google.android.gms:play-services-maps:18.1.0] AndroidManifest.xml:33:9-64
32-->[com.google.android.gms:play-services-maps:18.1.0] AndroidManifest.xml:33:18-61
33    </queries>
34
35    <uses-permission android:name="android.permission.ACCESS_WIFI_STATE" />
35-->[com.google.android.libraries.places:places:3.2.0] AndroidManifest.xml:11:5-76
35-->[com.google.android.libraries.places:places:3.2.0] AndroidManifest.xml:11:22-73
36    <uses-permission android:name="android.permission.WAKE_LOCK" />
36-->[com.google.android.gms:play-services-measurement-api:21.3.0] AndroidManifest.xml:24:5-68
36-->[com.google.android.gms:play-services-measurement-api:21.3.0] AndroidManifest.xml:24:22-65
37    <uses-permission android:name="com.google.android.gms.permission.AD_ID" /> <!-- Required by older versions of Google Play services to create IID tokens -->
37-->[com.google.android.gms:play-services-measurement-api:21.3.0] AndroidManifest.xml:25:5-79
37-->[com.google.android.gms:play-services-measurement-api:21.3.0] AndroidManifest.xml:25:22-76
38    <uses-permission android:name="com.google.android.c2dm.permission.RECEIVE" />
38-->[com.google.firebase:firebase-iid:21.1.0] AndroidManifest.xml:26:5-82
38-->[com.google.firebase:firebase-iid:21.1.0] AndroidManifest.xml:26:22-79
39    <uses-permission android:name="com.google.android.finsky.permission.BIND_GET_INSTALL_REFERRER_SERVICE" />
39-->[com.google.android.gms:play-services-measurement:21.3.0] AndroidManifest.xml:26:5-110
39-->[com.google.android.gms:play-services-measurement:21.3.0] AndroidManifest.xml:26:22-107
40
41    <permission
41-->[androidx.core:core:1.10.1] AndroidManifest.xml:22:5-24:47
42        android:name="it.unipi.halofarms.DYNAMIC_RECEIVER_NOT_EXPORTED_PERMISSION"
42-->[androidx.core:core:1.10.1] AndroidManifest.xml:23:9-81
43        android:protectionLevel="signature" />
43-->[androidx.core:core:1.10.1] AndroidManifest.xml:24:9-44
44
45    <uses-permission android:name="it.unipi.halofarms.DYNAMIC_RECEIVER_NOT_EXPORTED_PERMISSION" />
45-->[androidx.core:core:1.10.1] AndroidManifest.xml:26:5-97
45-->[androidx.core:core:1.10.1] AndroidManifest.xml:26:22-94
46
47    <application
47-->src/main/AndroidManifest.xml:16:5-65:19
48        android:allowBackup="true"
48-->src/main/AndroidManifest.xml:17:9-35
49        android:appComponentFactory="androidx.core.app.CoreComponentFactory"
49-->[androidx.core:core:1.10.1] AndroidManifest.xml:28:18-86
50        android:dataExtractionRules="@xml/data_extraction_rules"
50-->src/main/AndroidManifest.xml:18:9-65
51        android:debuggable="true"
52        android:extractNativeLibs="true"
53        android:fullBackupContent="@xml/backup_rules"
53-->src/main/AndroidManifest.xml:19:9-54
54        android:icon="@drawable/tractor"
54-->src/main/AndroidManifest.xml:20:9-41
55        android:label="@string/appName"
55-->src/main/AndroidManifest.xml:21:9-40
56        android:localeConfig="@xml/locales_config"
56-->src/main/AndroidManifest.xml:23:9-51
57        android:roundIcon="@drawable/tractor"
57-->src/main/AndroidManifest.xml:22:9-46
58        android:supportsRtl="true"
58-->src/main/AndroidManifest.xml:26:9-35
59        android:testOnly="true"
60        android:theme="@style/Theme.HaloFarms" >
60-->src/main/AndroidManifest.xml:27:9-47
61        <service
61-->src/main/AndroidManifest.xml:29:9-36:19
62            android:name="androidx.appcompat.app.AppLocalesMetadataHolderService"
62-->src/main/AndroidManifest.xml:30:13-82
63            android:enabled="false"
63-->src/main/AndroidManifest.xml:31:13-36
64            android:exported="false" >
64-->src/main/AndroidManifest.xml:32:13-37
65            <meta-data
65-->src/main/AndroidManifest.xml:33:13-35:40
66                android:name="autoStoreLocales"
66-->src/main/AndroidManifest.xml:34:17-48
67                android:value="true" />
67-->src/main/AndroidManifest.xml:35:17-37
68        </service>
69
70        <activity
70-->src/main/AndroidManifest.xml:40:9-52:20
71            android:name="it.unipi.halofarms.register.RegisterActivity"
71-->src/main/AndroidManifest.xml:41:13-54
72            android:exported="true" >
72-->src/main/AndroidManifest.xml:42:13-36
73            <intent-filter>
73-->src/main/AndroidManifest.xml:43:13-47:29
74                <action android:name="android.intent.action.MAIN" />
74-->src/main/AndroidManifest.xml:44:17-69
74-->src/main/AndroidManifest.xml:44:25-66
75
76                <category android:name="android.intent.category.LAUNCHER" />
76-->src/main/AndroidManifest.xml:46:17-77
76-->src/main/AndroidManifest.xml:46:27-74
77            </intent-filter>
78
79            <meta-data
79-->src/main/AndroidManifest.xml:49:13-51:36
80                android:name="android.app.lib_name"
80-->src/main/AndroidManifest.xml:50:17-52
81                android:value="" />
81-->src/main/AndroidManifest.xml:51:17-33
82        </activity>
83
84        <meta-data
84-->src/main/AndroidManifest.xml:54:9-56:71
85            android:name="com.google.android.geo.API_KEY"
85-->src/main/AndroidManifest.xml:55:13-58
86            android:value="AIzaSyCHpTWIZBF87BIbSY4CZSCnmWJjnYAgktg" />
86-->src/main/AndroidManifest.xml:56:13-68
87        <meta-data
87-->src/main/AndroidManifest.xml:58:9-60:69
88            android:name="com.google.android.gms.version"
88-->src/main/AndroidManifest.xml:59:13-58
89            android:value="@integer/google_play_services_version" />
89-->src/main/AndroidManifest.xml:60:13-66
90
91        <activity
91-->src/main/AndroidManifest.xml:61:9-64:20
92            android:name="it.unipi.halofarms.HaloFarmsActivity"
92-->src/main/AndroidManifest.xml:62:13-46
93            android:theme="@style/Theme.HaloFarms" >
93-->src/main/AndroidManifest.xml:63:13-51
94        </activity>
95
96        <meta-data
96-->[com.firebaseui:firebase-ui-auth:8.0.2] AndroidManifest.xml:29:9-31:63
97            android:name="com.facebook.sdk.ApplicationId"
97-->[com.firebaseui:firebase-ui-auth:8.0.2] AndroidManifest.xml:30:13-58
98            android:value="@string/facebook_application_id" />
98-->[com.firebaseui:firebase-ui-auth:8.0.2] AndroidManifest.xml:31:13-60
99
100        <activity
100-->[com.firebaseui:firebase-ui-auth:8.0.2] AndroidManifest.xml:33:9-37:61
101            android:name="com.firebase.ui.auth.KickoffActivity"
101-->[com.firebaseui:firebase-ui-auth:8.0.2] AndroidManifest.xml:34:13-64
102            android:exported="false"
102-->[com.firebaseui:firebase-ui-auth:8.0.2] AndroidManifest.xml:35:13-37
103            android:label=""
103-->[com.firebaseui:firebase-ui-auth:8.0.2] AndroidManifest.xml:36:13-29
104            android:theme="@style/FirebaseUI.Transparent" />
104-->[com.firebaseui:firebase-ui-auth:8.0.2] AndroidManifest.xml:37:13-58
105        <activity
105-->[com.firebaseui:firebase-ui-auth:8.0.2] AndroidManifest.xml:38:9-42:61
106            android:name="com.firebase.ui.auth.ui.idp.SingleSignInActivity"
106-->[com.firebaseui:firebase-ui-auth:8.0.2] AndroidManifest.xml:39:13-76
107            android:exported="false"
107-->[com.firebaseui:firebase-ui-auth:8.0.2] AndroidManifest.xml:40:13-37
108            android:label=""
108-->[com.firebaseui:firebase-ui-auth:8.0.2] AndroidManifest.xml:41:13-29
109            android:theme="@style/FirebaseUI.Transparent" />
109-->[com.firebaseui:firebase-ui-auth:8.0.2] AndroidManifest.xml:42:13-58
110        <activity
110-->[com.firebaseui:firebase-ui-auth:8.0.2] AndroidManifest.xml:43:9-47:61
111            android:name="com.firebase.ui.auth.ui.credentials.CredentialSaveActivity"
111-->[com.firebaseui:firebase-ui-auth:8.0.2] AndroidManifest.xml:44:13-86
112            android:exported="false"
112-->[com.firebaseui:firebase-ui-auth:8.0.2] AndroidManifest.xml:45:13-37
113            android:label=""
113-->[com.firebaseui:firebase-ui-auth:8.0.2] AndroidManifest.xml:46:13-29
114            android:theme="@style/FirebaseUI.Transparent" />
114-->[com.firebaseui:firebase-ui-auth:8.0.2] AndroidManifest.xml:47:13-58
115        <activity
115-->[com.firebaseui:firebase-ui-auth:8.0.2] AndroidManifest.xml:48:9-52:58
116            android:name="com.firebase.ui.auth.ui.email.RecoverPasswordActivity"
116-->[com.firebaseui:firebase-ui-auth:8.0.2] AndroidManifest.xml:49:13-81
117            android:exported="false"
117-->[com.firebaseui:firebase-ui-auth:8.0.2] AndroidManifest.xml:50:13-37
118            android:label="@string/fui_title_recover_password_activity"
118-->[com.firebaseui:firebase-ui-auth:8.0.2] AndroidManifest.xml:51:13-72
119            android:windowSoftInputMode="adjustResize" />
119-->[com.firebaseui:firebase-ui-auth:8.0.2] AndroidManifest.xml:52:13-55
120        <activity
120-->[com.firebaseui:firebase-ui-auth:8.0.2] AndroidManifest.xml:53:9-57:58
121            android:name="com.firebase.ui.auth.ui.email.EmailActivity"
121-->[com.firebaseui:firebase-ui-auth:8.0.2] AndroidManifest.xml:54:13-71
122            android:exported="false"
122-->[com.firebaseui:firebase-ui-auth:8.0.2] AndroidManifest.xml:55:13-37
123            android:label="@string/fui_sign_in_default"
123-->[com.firebaseui:firebase-ui-auth:8.0.2] AndroidManifest.xml:56:13-56
124            android:windowSoftInputMode="adjustResize" />
124-->[com.firebaseui:firebase-ui-auth:8.0.2] AndroidManifest.xml:57:13-55
125        <activity
125-->[com.firebaseui:firebase-ui-auth:8.0.2] AndroidManifest.xml:58:9-62:77
126            android:name="com.firebase.ui.auth.ui.phone.PhoneActivity"
126-->[com.firebaseui:firebase-ui-auth:8.0.2] AndroidManifest.xml:59:13-71
127            android:exported="false"
127-->[com.firebaseui:firebase-ui-auth:8.0.2] AndroidManifest.xml:60:13-37
128            android:label="@string/fui_sign_in_with_phone_number"
128-->[com.firebaseui:firebase-ui-auth:8.0.2] AndroidManifest.xml:61:13-66
129            android:windowSoftInputMode="adjustResize|stateAlwaysVisible" />
129-->[com.firebaseui:firebase-ui-auth:8.0.2] AndroidManifest.xml:62:13-74
130        <activity
130-->[com.firebaseui:firebase-ui-auth:8.0.2] AndroidManifest.xml:63:9-67:58
131            android:name="com.firebase.ui.auth.ui.idp.WelcomeBackIdpPrompt"
131-->[com.firebaseui:firebase-ui-auth:8.0.2] AndroidManifest.xml:64:13-76
132            android:exported="false"
132-->[com.firebaseui:firebase-ui-auth:8.0.2] AndroidManifest.xml:65:13-37
133            android:label="@string/fui_title_welcome_back_idp_prompt"
133-->[com.firebaseui:firebase-ui-auth:8.0.2] AndroidManifest.xml:66:13-70
134            android:windowSoftInputMode="adjustResize" />
134-->[com.firebaseui:firebase-ui-auth:8.0.2] AndroidManifest.xml:67:13-55
135        <activity
135-->[com.firebaseui:firebase-ui-auth:8.0.2] AndroidManifest.xml:68:9-72:58
136            android:name="com.firebase.ui.auth.ui.email.WelcomeBackPasswordPrompt"
136-->[com.firebaseui:firebase-ui-auth:8.0.2] AndroidManifest.xml:69:13-83
137            android:exported="false"
137-->[com.firebaseui:firebase-ui-auth:8.0.2] AndroidManifest.xml:70:13-37
138            android:label="@string/fui_title_welcome_back_password_prompt"
138-->[com.firebaseui:firebase-ui-auth:8.0.2] AndroidManifest.xml:71:13-75
139            android:windowSoftInputMode="adjustResize" />
139-->[com.firebaseui:firebase-ui-auth:8.0.2] AndroidManifest.xml:72:13-55
140        <activity
140-->[com.firebaseui:firebase-ui-auth:8.0.2] AndroidManifest.xml:73:9-77:58
141            android:name="com.firebase.ui.auth.ui.email.WelcomeBackEmailLinkPrompt"
141-->[com.firebaseui:firebase-ui-auth:8.0.2] AndroidManifest.xml:74:13-84
142            android:exported="false"
142-->[com.firebaseui:firebase-ui-auth:8.0.2] AndroidManifest.xml:75:13-37
143            android:label="@string/fui_title_welcome_back_password_prompt"
143-->[com.firebaseui:firebase-ui-auth:8.0.2] AndroidManifest.xml:76:13-75
144            android:windowSoftInputMode="adjustResize" />
144-->[com.firebaseui:firebase-ui-auth:8.0.2] AndroidManifest.xml:77:13-55
145        <activity
145-->[com.firebaseui:firebase-ui-auth:8.0.2] AndroidManifest.xml:78:9-83:58
146            android:name="com.firebase.ui.auth.ui.email.EmailLinkCatcherActivity"
146-->[com.firebaseui:firebase-ui-auth:8.0.2] AndroidManifest.xml:79:13-82
147            android:exported="false"
147-->[com.firebaseui:firebase-ui-auth:8.0.2] AndroidManifest.xml:80:13-37
148            android:label=""
148-->[com.firebaseui:firebase-ui-auth:8.0.2] AndroidManifest.xml:81:13-29
149            android:theme="@style/FirebaseUI.Transparent"
149-->[com.firebaseui:firebase-ui-auth:8.0.2] AndroidManifest.xml:82:13-58
150            android:windowSoftInputMode="adjustResize" />
150-->[com.firebaseui:firebase-ui-auth:8.0.2] AndroidManifest.xml:83:13-55
151        <activity
151-->[com.firebaseui:firebase-ui-auth:8.0.2] AndroidManifest.xml:84:9-88:58
152            android:name="com.firebase.ui.auth.ui.email.EmailLinkErrorRecoveryActivity"
152-->[com.firebaseui:firebase-ui-auth:8.0.2] AndroidManifest.xml:85:13-88
153            android:exported="false"
153-->[com.firebaseui:firebase-ui-auth:8.0.2] AndroidManifest.xml:86:13-37
154            android:label="@string/fui_sign_in_default"
154-->[com.firebaseui:firebase-ui-auth:8.0.2] AndroidManifest.xml:87:13-56
155            android:windowSoftInputMode="adjustResize" />
155-->[com.firebaseui:firebase-ui-auth:8.0.2] AndroidManifest.xml:88:13-55
156        <activity
156-->[com.firebaseui:firebase-ui-auth:8.0.2] AndroidManifest.xml:89:9-92:65
157            android:name="com.firebase.ui.auth.ui.idp.AuthMethodPickerActivity"
157-->[com.firebaseui:firebase-ui-auth:8.0.2] AndroidManifest.xml:90:13-80
158            android:exported="false"
158-->[com.firebaseui:firebase-ui-auth:8.0.2] AndroidManifest.xml:91:13-37
159            android:label="@string/fui_default_toolbar_title" />
159-->[com.firebaseui:firebase-ui-auth:8.0.2] AndroidManifest.xml:92:13-62
160        <activity
160-->[com.firebaseui:firebase-ui-auth:8.0.2] AndroidManifest.xml:93:9-97:48
161            android:name="com.facebook.FacebookActivity"
161-->[com.firebaseui:firebase-ui-auth:8.0.2] AndroidManifest.xml:94:13-57
162            android:configChanges="keyboard|keyboardHidden|screenLayout|screenSize|orientation"
162-->[com.firebaseui:firebase-ui-auth:8.0.2] AndroidManifest.xml:95:13-96
163            android:label="@string/app_name" />
163-->[com.firebaseui:firebase-ui-auth:8.0.2] AndroidManifest.xml:96:13-45
164        <activity
164-->[com.firebaseui:firebase-ui-auth:8.0.2] AndroidManifest.xml:98:9-110:20
165            android:name="com.facebook.CustomTabActivity"
165-->[com.firebaseui:firebase-ui-auth:8.0.2] AndroidManifest.xml:99:13-58
166            android:exported="true" >
166-->[com.firebaseui:firebase-ui-auth:8.0.2] AndroidManifest.xml:100:13-36
167            <intent-filter>
167-->[com.firebaseui:firebase-ui-auth:8.0.2] AndroidManifest.xml:102:13-109:29
168                <action android:name="android.intent.action.VIEW" />
168-->[com.firebaseui:firebase-ui-auth:8.0.2] AndroidManifest.xml:17:13-65
168-->[com.firebaseui:firebase-ui-auth:8.0.2] AndroidManifest.xml:17:21-62
169
170                <category android:name="android.intent.category.DEFAULT" />
170-->[com.firebaseui:firebase-ui-auth:8.0.2] AndroidManifest.xml:105:17-76
170-->[com.firebaseui:firebase-ui-auth:8.0.2] AndroidManifest.xml:105:27-73
171                <category android:name="android.intent.category.BROWSABLE" />
171-->[com.firebaseui:firebase-ui-auth:8.0.2] AndroidManifest.xml:19:13-74
171-->[com.firebaseui:firebase-ui-auth:8.0.2] AndroidManifest.xml:19:23-71
172
173                <data android:scheme="@string/facebook_login_protocol_scheme" />
173-->[com.firebaseui:firebase-ui-auth:8.0.2] AndroidManifest.xml:21:13-43
173-->[com.firebaseui:firebase-ui-auth:8.0.2] AndroidManifest.xml:21:19-40
174            </intent-filter>
175        </activity>
176
177        <provider
177-->[com.firebaseui:firebase-ui-auth:8.0.2] AndroidManifest.xml:112:9-116:38
178            android:name="com.firebase.ui.auth.data.client.AuthUiInitProvider"
178-->[com.firebaseui:firebase-ui-auth:8.0.2] AndroidManifest.xml:113:13-79
179            android:authorities="it.unipi.halofarms.authuiinitprovider"
179-->[com.firebaseui:firebase-ui-auth:8.0.2] AndroidManifest.xml:114:13-70
180            android:exported="false"
180-->[com.firebaseui:firebase-ui-auth:8.0.2] AndroidManifest.xml:115:13-37
181            android:initOrder="90" />
181-->[com.firebaseui:firebase-ui-auth:8.0.2] AndroidManifest.xml:116:13-35
182
183        <activity
183-->[com.google.android.libraries.places:places:3.2.0] AndroidManifest.xml:15:9-21:20
184            android:name="com.google.android.libraries.places.widget.AutocompleteActivity"
184-->[com.google.android.libraries.places:places:3.2.0] AndroidManifest.xml:16:13-91
185            android:exported="false"
185-->[com.google.android.libraries.places:places:3.2.0] AndroidManifest.xml:17:13-37
186            android:label="@string/places_autocomplete_label"
186-->[com.google.android.libraries.places:places:3.2.0] AndroidManifest.xml:18:13-62
187            android:theme="@style/PlacesAutocompleteOverlay"
187-->[com.google.android.libraries.places:places:3.2.0] AndroidManifest.xml:19:13-61
188            android:windowSoftInputMode="adjustResize" >
188-->[com.google.android.libraries.places:places:3.2.0] AndroidManifest.xml:20:13-55
189        </activity>
190        <activity
190-->[androidx.compose.ui:ui-test-manifest:1.5.0] AndroidManifest.xml:23:9-25:39
191            android:name="androidx.activity.ComponentActivity"
191-->[androidx.compose.ui:ui-test-manifest:1.5.0] AndroidManifest.xml:24:13-63
192            android:exported="true" />
192-->[androidx.compose.ui:ui-test-manifest:1.5.0] AndroidManifest.xml:25:13-36
193        <activity
193-->[androidx.compose.ui:ui-tooling-android:1.5.0] AndroidManifest.xml:23:9-25:39
194            android:name="androidx.compose.ui.tooling.PreviewActivity"
194-->[androidx.compose.ui:ui-tooling-android:1.5.0] AndroidManifest.xml:24:13-71
195            android:exported="true" />
195-->[androidx.compose.ui:ui-tooling-android:1.5.0] AndroidManifest.xml:25:13-36
196
197        <provider
197-->[androidx.emoji2:emoji2:1.4.0] AndroidManifest.xml:24:9-32:20
198            android:name="androidx.startup.InitializationProvider"
198-->[androidx.emoji2:emoji2:1.4.0] AndroidManifest.xml:25:13-67
199            android:authorities="it.unipi.halofarms.androidx-startup"
199-->[androidx.emoji2:emoji2:1.4.0] AndroidManifest.xml:26:13-68
200            android:exported="false" >
200-->[androidx.emoji2:emoji2:1.4.0] AndroidManifest.xml:27:13-37
201            <meta-data
201-->[androidx.emoji2:emoji2:1.4.0] AndroidManifest.xml:29:13-31:52
202                android:name="androidx.emoji2.text.EmojiCompatInitializer"
202-->[androidx.emoji2:emoji2:1.4.0] AndroidManifest.xml:30:17-75
203                android:value="androidx.startup" />
203-->[androidx.emoji2:emoji2:1.4.0] AndroidManifest.xml:31:17-49
204            <meta-data
204-->[androidx.lifecycle:lifecycle-process:2.6.1] AndroidManifest.xml:29:13-31:52
205                android:name="androidx.lifecycle.ProcessLifecycleInitializer"
205-->[androidx.lifecycle:lifecycle-process:2.6.1] AndroidManifest.xml:30:17-78
206                android:value="androidx.startup" />
206-->[androidx.lifecycle:lifecycle-process:2.6.1] AndroidManifest.xml:31:17-49
207            <meta-data
207-->[androidx.profileinstaller:profileinstaller:1.3.0] AndroidManifest.xml:29:13-31:52
208                android:name="androidx.profileinstaller.ProfileInstallerInitializer"
208-->[androidx.profileinstaller:profileinstaller:1.3.0] AndroidManifest.xml:30:17-85
209                android:value="androidx.startup" />
209-->[androidx.profileinstaller:profileinstaller:1.3.0] AndroidManifest.xml:31:17-49
210        </provider> <!-- Needs to be explicitly declared on P+ -->
211        <uses-library
211-->[com.google.android.gms:play-services-maps:18.1.0] AndroidManifest.xml:39:9-41:40
212            android:name="org.apache.http.legacy"
212-->[com.google.android.gms:play-services-maps:18.1.0] AndroidManifest.xml:40:13-50
213            android:required="false" />
213-->[com.google.android.gms:play-services-maps:18.1.0] AndroidManifest.xml:41:13-37
214
215        <activity
215-->[com.google.firebase:firebase-auth:22.1.0] AndroidManifest.xml:29:9-46:20
216            android:name="com.google.firebase.auth.internal.GenericIdpActivity"
216-->[com.google.firebase:firebase-auth:22.1.0] AndroidManifest.xml:30:13-80
217            android:excludeFromRecents="true"
217-->[com.google.firebase:firebase-auth:22.1.0] AndroidManifest.xml:31:13-46
218            android:exported="true"
218-->[com.google.firebase:firebase-auth:22.1.0] AndroidManifest.xml:32:13-36
219            android:launchMode="singleTask"
219-->[com.google.firebase:firebase-auth:22.1.0] AndroidManifest.xml:33:13-44
220            android:theme="@android:style/Theme.Translucent.NoTitleBar" >
220-->[com.google.firebase:firebase-auth:22.1.0] AndroidManifest.xml:34:13-72
221            <intent-filter>
221-->[com.google.firebase:firebase-auth:22.1.0] AndroidManifest.xml:35:13-45:29
222                <action android:name="android.intent.action.VIEW" />
222-->[com.firebaseui:firebase-ui-auth:8.0.2] AndroidManifest.xml:17:13-65
222-->[com.firebaseui:firebase-ui-auth:8.0.2] AndroidManifest.xml:17:21-62
223
224                <category android:name="android.intent.category.DEFAULT" />
224-->[com.firebaseui:firebase-ui-auth:8.0.2] AndroidManifest.xml:105:17-76
224-->[com.firebaseui:firebase-ui-auth:8.0.2] AndroidManifest.xml:105:27-73
225                <category android:name="android.intent.category.BROWSABLE" />
225-->[com.firebaseui:firebase-ui-auth:8.0.2] AndroidManifest.xml:19:13-74
225-->[com.firebaseui:firebase-ui-auth:8.0.2] AndroidManifest.xml:19:23-71
226
227                <data
227-->[com.firebaseui:firebase-ui-auth:8.0.2] AndroidManifest.xml:21:13-43
228                    android:host="firebase.auth"
229                    android:path="/"
230                    android:scheme="genericidp" />
230-->[com.firebaseui:firebase-ui-auth:8.0.2] AndroidManifest.xml:21:19-40
231            </intent-filter>
232        </activity>
233        <activity
233-->[com.google.firebase:firebase-auth:22.1.0] AndroidManifest.xml:47:9-64:20
234            android:name="com.google.firebase.auth.internal.RecaptchaActivity"
234-->[com.google.firebase:firebase-auth:22.1.0] AndroidManifest.xml:48:13-79
235            android:excludeFromRecents="true"
235-->[com.google.firebase:firebase-auth:22.1.0] AndroidManifest.xml:49:13-46
236            android:exported="true"
236-->[com.google.firebase:firebase-auth:22.1.0] AndroidManifest.xml:50:13-36
237            android:launchMode="singleTask"
237-->[com.google.firebase:firebase-auth:22.1.0] AndroidManifest.xml:51:13-44
238            android:theme="@android:style/Theme.Translucent.NoTitleBar" >
238-->[com.google.firebase:firebase-auth:22.1.0] AndroidManifest.xml:52:13-72
239            <intent-filter>
239-->[com.google.firebase:firebase-auth:22.1.0] AndroidManifest.xml:53:13-63:29
240                <action android:name="android.intent.action.VIEW" />
240-->[com.firebaseui:firebase-ui-auth:8.0.2] AndroidManifest.xml:17:13-65
240-->[com.firebaseui:firebase-ui-auth:8.0.2] AndroidManifest.xml:17:21-62
241
242                <category android:name="android.intent.category.DEFAULT" />
242-->[com.firebaseui:firebase-ui-auth:8.0.2] AndroidManifest.xml:105:17-76
242-->[com.firebaseui:firebase-ui-auth:8.0.2] AndroidManifest.xml:105:27-73
243                <category android:name="android.intent.category.BROWSABLE" />
243-->[com.firebaseui:firebase-ui-auth:8.0.2] AndroidManifest.xml:19:13-74
243-->[com.firebaseui:firebase-ui-auth:8.0.2] AndroidManifest.xml:19:23-71
244
245                <data
245-->[com.firebaseui:firebase-ui-auth:8.0.2] AndroidManifest.xml:21:13-43
246                    android:host="firebase.auth"
247                    android:path="/"
248                    android:scheme="recaptcha" />
248-->[com.firebaseui:firebase-ui-auth:8.0.2] AndroidManifest.xml:21:19-40
249            </intent-filter>
250        </activity>
251
252        <service
252-->[com.google.firebase:firebase-auth:22.1.0] AndroidManifest.xml:66:9-72:19
253            android:name="com.google.firebase.components.ComponentDiscoveryService"
253-->[com.google.firebase:firebase-auth:22.1.0] AndroidManifest.xml:67:13-84
254            android:directBootAware="true"
254-->[com.google.firebase:firebase-common:20.3.3] AndroidManifest.xml:34:13-43
255            android:exported="false" >
255-->[com.google.firebase:firebase-auth:22.1.0] AndroidManifest.xml:68:13-37
256            <meta-data
256-->[com.google.firebase:firebase-auth:22.1.0] AndroidManifest.xml:69:13-71:85
257                android:name="com.google.firebase.components:com.google.firebase.auth.FirebaseAuthRegistrar"
257-->[com.google.firebase:firebase-auth:22.1.0] AndroidManifest.xml:70:17-109
258                android:value="com.google.firebase.components.ComponentRegistrar" />
258-->[com.google.firebase:firebase-auth:22.1.0] AndroidManifest.xml:71:17-82
259            <meta-data
259-->[com.google.firebase:firebase-firestore-ktx:24.7.0] AndroidManifest.xml:14:13-16:85
260                android:name="com.google.firebase.components:com.google.firebase.firestore.ktx.FirebaseFirestoreKtxRegistrar"
260-->[com.google.firebase:firebase-firestore-ktx:24.7.0] AndroidManifest.xml:15:17-126
261                android:value="com.google.firebase.components.ComponentRegistrar" />
261-->[com.google.firebase:firebase-firestore-ktx:24.7.0] AndroidManifest.xml:16:17-82
262            <meta-data
262-->[com.google.firebase:firebase-functions-ktx:20.3.1] AndroidManifest.xml:14:13-16:85
263                android:name="com.google.firebase.components:com.google.firebase.functions.ktx.FirebaseFunctionsKtxRegistrar"
263-->[com.google.firebase:firebase-functions-ktx:20.3.1] AndroidManifest.xml:15:17-126
264                android:value="com.google.firebase.components.ComponentRegistrar" />
264-->[com.google.firebase:firebase-functions-ktx:20.3.1] AndroidManifest.xml:16:17-82
265            <meta-data
265-->[com.google.firebase:firebase-analytics-ktx:21.3.0] AndroidManifest.xml:11:13-13:85
266                android:name="com.google.firebase.components:com.google.firebase.analytics.ktx.FirebaseAnalyticsKtxRegistrar"
266-->[com.google.firebase:firebase-analytics-ktx:21.3.0] AndroidManifest.xml:12:17-126
267                android:value="com.google.firebase.components.ComponentRegistrar" />
267-->[com.google.firebase:firebase-analytics-ktx:21.3.0] AndroidManifest.xml:13:17-82
268            <meta-data
268-->[com.google.firebase:firebase-common-ktx:20.3.3] AndroidManifest.xml:14:13-16:85
269                android:name="com.google.firebase.components:com.google.firebase.ktx.FirebaseCommonKtxRegistrar"
269-->[com.google.firebase:firebase-common-ktx:20.3.3] AndroidManifest.xml:15:17-113
270                android:value="com.google.firebase.components.ComponentRegistrar" />
270-->[com.google.firebase:firebase-common-ktx:20.3.3] AndroidManifest.xml:16:17-82
271            <meta-data
271-->[com.google.firebase:firebase-firestore:24.7.0] AndroidManifest.xml:19:13-21:85
272                android:name="com.google.firebase.components:com.google.firebase.firestore.FirestoreRegistrar"